{
  message: 'Server listening on port 3000',
  level: 'warn',
  timestamp: '2024-08-12T13:44:30.813Z'
}
{
  message: 'Server listening on port 3000',
  level: 'warn',
  timestamp: '2024-08-12T13:46:53.152Z'
}
{
  message: 'Server listening on port 3000',
  level: 'warn',
  timestamp: '2024-08-12T13:47:05.411Z'
}
{
  message: 'Server listening on port 3000',
  level: 'warn',
  timestamp: '2024-08-12T13:47:14.401Z'
}
{
  message: 'Server listening on port 3000',
  level: 'warn',
  timestamp: '2024-08-12T14:47:49.672Z'
}
{
  message: 'Server listening on port 3000',
  level: 'warn',
  timestamp: '2024-08-12T14:53:25.354Z'
}
{
  message: 'Server listening on port 3000',
  level: 'warn',
  timestamp: '2024-08-12T14:59:01.975Z'
}
{
  message: 'Server listening on port 3000',
  level: 'warn',
  timestamp: '2024-08-12T15:07:06.073Z'
}
